0 info it worked if it ends with ok
1 verbose cli [ 'E:\\Progaram File\\Node.js\\node.exe',
1 verbose cli   'E:\\Progaram File\\Node.js\\node_modules\\npm\\bin\\npm-cli.js',
1 verbose cli   'install',
1 verbose cli   'nodejieba',
1 verbose cli   '-dev' ]
2 info using npm@3.10.10
3 info using node@v6.11.1
4 warn install Usage of the `--dev` option is deprecated. Use `--only=dev` instead.
5 silly loadCurrentTree Starting
6 silly install loadCurrentTree
7 silly install readLocalPackageData
8 silly fetchPackageMetaData nodejieba
9 silly fetchNamedPackageData nodejieba
10 silly mapToRegistry name nodejieba
11 silly mapToRegistry using default registry
12 silly mapToRegistry registry https://registry.npmjs.org/
13 silly mapToRegistry data Result {
13 silly mapToRegistry   raw: 'nodejieba',
13 silly mapToRegistry   scope: null,
13 silly mapToRegistry   escapedName: 'nodejieba',
13 silly mapToRegistry   name: 'nodejieba',
13 silly mapToRegistry   rawSpec: '',
13 silly mapToRegistry   spec: 'latest',
13 silly mapToRegistry   type: 'tag' }
14 silly mapToRegistry uri https://registry.npmjs.org/nodejieba
15 verbose request uri https://registry.npmjs.org/nodejieba
16 verbose request no auth needed
17 info attempt registry request try #1 at 15:14:21
18 verbose request id a4db3981808200d2
19 http request GET https://registry.npmjs.org/nodejieba
20 info retry will retry, error on last attempt: Error: connect ECONNREFUSED 104.18.97.96:443
21 info attempt registry request try #2 at 15:14:32
22 http request GET https://registry.npmjs.org/nodejieba
23 info retry will retry, error on last attempt: Error: connect ECONNREFUSED 104.18.97.96:443
24 info attempt registry request try #3 at 15:15:33
25 http request GET https://registry.npmjs.org/nodejieba
26 silly fetchPackageMetaData Error: connect ECONNREFUSED 104.18.97.96:443
26 silly fetchPackageMetaData     at Object.exports._errnoException (util.js:1018:11)
26 silly fetchPackageMetaData     at exports._exceptionWithHostPort (util.js:1041:20)
26 silly fetchPackageMetaData     at TCPConnectWrap.afterConnect [as oncomplete] (net.js:1086:14)
26 silly fetchPackageMetaData  error for nodejieba { Error: connect ECONNREFUSED 104.18.97.96:443
26 silly fetchPackageMetaData     at Object.exports._errnoException (util.js:1018:11)
26 silly fetchPackageMetaData     at exports._exceptionWithHostPort (util.js:1041:20)
26 silly fetchPackageMetaData     at TCPConnectWrap.afterConnect [as oncomplete] (net.js:1086:14)
26 silly fetchPackageMetaData   code: 'ECONNREFUSED',
26 silly fetchPackageMetaData   errno: 'ECONNREFUSED',
26 silly fetchPackageMetaData   syscall: 'connect',
26 silly fetchPackageMetaData   address: '104.18.97.96',
26 silly fetchPackageMetaData   port: 443 }
27 silly rollbackFailedOptional Starting
28 silly rollbackFailedOptional Finishing
29 silly runTopLevelLifecycles Finishing
30 silly install printInstalled
31 verbose stack Error: connect ECONNREFUSED 104.18.97.96:443
31 verbose stack     at Object.exports._errnoException (util.js:1018:11)
31 verbose stack     at exports._exceptionWithHostPort (util.js:1041:20)
31 verbose stack     at TCPConnectWrap.afterConnect [as oncomplete] (net.js:1086:14)
32 verbose cwd e:\Progaram File\Microsoft VS Code\test\Project\WEB\SpaceCreate
33 error Windows_NT 10.0.16299
34 error argv "E:\\Progaram File\\Node.js\\node.exe" "E:\\Progaram File\\Node.js\\node_modules\\npm\\bin\\npm-cli.js" "install" "nodejieba" "-dev"
35 error node v6.11.1
36 error npm  v3.10.10
37 error code ECONNREFUSED
38 error errno ECONNREFUSED
39 error syscall connect
40 error Error: connect ECONNREFUSED 104.18.97.96:443
40 error     at Object.exports._errnoException (util.js:1018:11)
40 error     at exports._exceptionWithHostPort (util.js:1041:20)
40 error     at TCPConnectWrap.afterConnect [as oncomplete] (net.js:1086:14)
40 error  { Error: connect ECONNREFUSED 104.18.97.96:443
40 error     at Object.exports._errnoException (util.js:1018:11)
40 error     at exports._exceptionWithHostPort (util.js:1041:20)
40 error     at TCPConnectWrap.afterConnect [as oncomplete] (net.js:1086:14)
40 error   code: 'ECONNREFUSED',
40 error   errno: 'ECONNREFUSED',
40 error   syscall: 'connect',
40 error   address: '104.18.97.96',
40 error   port: 443 }
41 error If you are behind a proxy, please make sure that the
41 error 'proxy' config is set properly.  See: 'npm help config'
42 verbose exit [ 1, true ]
