0 info it worked if it ends with ok
1 verbose cli [ 'E:\\Progaram File\\Node.js\\node.exe',
1 verbose cli   'E:\\Progaram File\\Node.js\\node_modules\\npm\\bin\\npm-cli.js',
1 verbose cli   'install',
1 verbose cli   'supertest' ]
2 info using npm@3.10.10
3 info using node@v6.11.1
4 silly loadCurrentTree Starting
5 silly install loadCurrentTree
6 silly install readLocalPackageData
7 silly fetchPackageMetaData supertest
8 silly fetchNamedPackageData supertest
9 silly mapToRegistry name supertest
10 silly mapToRegistry using default registry
11 silly mapToRegistry registry https://registry.npmjs.org/
12 silly mapToRegistry data Result {
12 silly mapToRegistry   raw: 'supertest',
12 silly mapToRegistry   scope: null,
12 silly mapToRegistry   escapedName: 'supertest',
12 silly mapToRegistry   name: 'supertest',
12 silly mapToRegistry   rawSpec: '',
12 silly mapToRegistry   spec: 'latest',
12 silly mapToRegistry   type: 'tag' }
13 silly mapToRegistry uri https://registry.npmjs.org/supertest
14 verbose request uri https://registry.npmjs.org/supertest
15 verbose request no auth needed
16 info attempt registry request try #1 at 15:43:13
17 verbose request id e1bc8ce9dbcbf0df
18 verbose etag W/"59b817b4-c003"
19 verbose lastModified Tue, 12 Sep 2017 17:21:56 GMT
20 http request GET https://registry.npmjs.org/supertest
21 info retry will retry, error on last attempt: Error: connect ECONNREFUSED 151.101.72.162:443
22 info attempt registry request try #2 at 15:43:24
23 verbose etag W/"59b817b4-c003"
24 verbose lastModified Tue, 12 Sep 2017 17:21:56 GMT
25 http request GET https://registry.npmjs.org/supertest
26 info retry will retry, error on last attempt: Error: connect ECONNREFUSED 151.101.72.162:443
27 info attempt registry request try #3 at 15:44:25
28 verbose etag W/"59b817b4-c003"
29 verbose lastModified Tue, 12 Sep 2017 17:21:56 GMT
30 http request GET https://registry.npmjs.org/supertest
31 silly get cb [ 304, undefined ]
32 verbose etag https://registry.npmjs.org/supertest from cache
33 verbose get saving supertest to C:\Users\yhgao.CB\AppData\Roaming\npm-cache\registry.npmjs.org\supertest\.cache.json
34 verbose correctMkdir C:\Users\yhgao.CB\AppData\Roaming\npm-cache correctMkdir not in flight; initializing
35 silly install normalizeTree
36 silly loadCurrentTree Finishing
37 silly loadIdealTree Starting
38 silly install loadIdealTree
39 silly cloneCurrentTree Starting
40 silly install cloneCurrentTreeToIdealTree
41 silly cloneCurrentTree Finishing
42 silly loadShrinkwrap Starting
43 silly install loadShrinkwrap
44 silly loadShrinkwrap Finishing
45 silly loadAllDepsIntoIdealTree Starting
46 silly install loadAllDepsIntoIdealTree
47 silly resolveWithNewModule supertest@3.0.0 checking installable status
48 silly cache add args [ 'supertest', null ]
49 verbose cache add spec supertest
50 silly cache add parsed spec Result {
50 silly cache add   raw: 'supertest',
50 silly cache add   scope: null,
50 silly cache add   escapedName: 'supertest',
50 silly cache add   name: 'supertest',
50 silly cache add   rawSpec: '',
50 silly cache add   spec: 'latest',
50 silly cache add   type: 'tag' }
51 silly addNamed supertest@latest
52 verbose addNamed "latest" is being treated as a dist-tag for supertest
53 info addNameTag [ 'supertest', 'latest' ]
54 silly mapToRegistry name supertest
55 silly mapToRegistry using default registry
56 silly mapToRegistry registry https://registry.npmjs.org/
57 silly mapToRegistry data Result {
57 silly mapToRegistry   raw: 'supertest',
57 silly mapToRegistry   scope: null,
57 silly mapToRegistry   escapedName: 'supertest',
57 silly mapToRegistry   name: 'supertest',
57 silly mapToRegistry   rawSpec: '',
57 silly mapToRegistry   spec: 'latest',
57 silly mapToRegistry   type: 'tag' }
58 silly mapToRegistry uri https://registry.npmjs.org/supertest
59 verbose addNameTag registry:https://registry.npmjs.org/supertest not in flight; fetching
60 verbose get https://registry.npmjs.org/supertest not expired, no request
61 silly addNameTag next cb for supertest with tag latest
62 silly addNamed supertest@3.0.0
63 verbose addNamed "3.0.0" is a plain semver version for supertest
64 silly cache afterAdd supertest@3.0.0
65 verbose afterAdd C:\Users\yhgao.CB\AppData\Roaming\npm-cache\supertest\3.0.0\package\package.json not in flight; writing
66 verbose correctMkdir C:\Users\yhgao.CB\AppData\Roaming\npm-cache correctMkdir not in flight; initializing
67 verbose afterAdd C:\Users\yhgao.CB\AppData\Roaming\npm-cache\supertest\3.0.0\package\package.json written
68 silly fetchNamedPackageData superagent
69 silly mapToRegistry name superagent
70 silly mapToRegistry using default registry
71 silly mapToRegistry registry https://registry.npmjs.org/
72 silly mapToRegistry data Result {
72 silly mapToRegistry   raw: 'superagent',
72 silly mapToRegistry   scope: null,
72 silly mapToRegistry   escapedName: 'superagent',
72 silly mapToRegistry   name: 'superagent',
72 silly mapToRegistry   rawSpec: '',
72 silly mapToRegistry   spec: 'latest',
72 silly mapToRegistry   type: 'tag' }
73 silly mapToRegistry uri https://registry.npmjs.org/superagent
74 verbose request uri https://registry.npmjs.org/superagent
75 verbose request no auth needed
76 info attempt registry request try #1 at 15:44:26
77 verbose etag W/"5999c3c7-315f0"
78 verbose lastModified Sun, 20 Aug 2017 17:15:51 GMT
79 http request GET https://registry.npmjs.org/superagent
80 info retry will retry, error on last attempt: Error: connect ECONNREFUSED 151.101.72.162:443
81 info attempt registry request try #2 at 15:44:37
82 verbose etag W/"5999c3c7-315f0"
83 verbose lastModified Sun, 20 Aug 2017 17:15:51 GMT
84 http request GET https://registry.npmjs.org/superagent
85 info retry will retry, error on last attempt: Error: connect ECONNREFUSED 151.101.72.162:443
86 info attempt registry request try #3 at 15:45:38
87 verbose etag W/"5999c3c7-315f0"
88 verbose lastModified Sun, 20 Aug 2017 17:15:51 GMT
89 http request GET https://registry.npmjs.org/superagent
90 silly get cb [ 304, undefined ]
91 verbose etag https://registry.npmjs.org/superagent from cache
92 verbose get saving superagent to C:\Users\yhgao.CB\AppData\Roaming\npm-cache\registry.npmjs.org\superagent\.cache.json
93 verbose correctMkdir C:\Users\yhgao.CB\AppData\Roaming\npm-cache correctMkdir not in flight; initializing
94 silly resolveWithNewModule superagent@3.6.0 checking installable status
95 silly cache add args [ 'superagent@^3.0.0', null ]
96 verbose cache add spec superagent@^3.0.0
97 silly cache add parsed spec Result {
97 silly cache add   raw: 'superagent@^3.0.0',
97 silly cache add   scope: null,
97 silly cache add   escapedName: 'superagent',
97 silly cache add   name: 'superagent',
97 silly cache add   rawSpec: '^3.0.0',
97 silly cache add   spec: '>=3.0.0 <4.0.0',
97 silly cache add   type: 'range' }
98 silly addNamed superagent@>=3.0.0 <4.0.0
99 verbose addNamed ">=3.0.0 <4.0.0" is a valid semver range for superagent
100 silly addNameRange { name: 'superagent', range: '>=3.0.0 <4.0.0', hasData: false }
101 silly mapToRegistry name superagent
102 silly mapToRegistry using default registry
103 silly mapToRegistry registry https://registry.npmjs.org/
104 silly mapToRegistry data Result {
104 silly mapToRegistry   raw: 'superagent',
104 silly mapToRegistry   scope: null,
104 silly mapToRegistry   escapedName: 'superagent',
104 silly mapToRegistry   name: 'superagent',
104 silly mapToRegistry   rawSpec: '',
104 silly mapToRegistry   spec: 'latest',
104 silly mapToRegistry   type: 'tag' }
105 silly mapToRegistry uri https://registry.npmjs.org/superagent
106 verbose addNameRange registry:https://registry.npmjs.org/superagent not in flight; fetching
107 verbose get https://registry.npmjs.org/superagent not expired, no request
108 silly addNameRange number 2 { name: 'superagent', range: '>=3.0.0 <4.0.0', hasData: true }
109 silly addNameRange versions [ 'superagent',
109 silly addNameRange   [ '0.1.1',
109 silly addNameRange     '0.1.2',
109 silly addNameRange     '0.1.3',
109 silly addNameRange     '0.2.0',
109 silly addNameRange     '0.3.0',
109 silly addNameRange     '0.4.0',
109 silly addNameRange     '0.4.1',
109 silly addNameRange     '0.4.2',
109 silly addNameRange     '0.4.3',
109 silly addNameRange     '0.5.0',
109 silly addNameRange     '0.5.1',
109 silly addNameRange     '0.6.0',
109 silly addNameRange     '0.7.0',
109 silly addNameRange     '0.8.0',
109 silly addNameRange     '0.8.1',
109 silly addNameRange     '0.8.2',
109 silly addNameRange     '0.9.0',
109 silly addNameRange     '0.9.1',
109 silly addNameRange     '0.9.2',
109 silly addNameRange     '0.9.3',
109 silly addNameRange     '0.9.4',
109 silly addNameRange     '0.9.5',
109 silly addNameRange     '0.9.6',
109 silly addNameRange     '0.9.7',
109 silly addNameRange     '0.9.8',
109 silly addNameRange     '0.9.9',
109 silly addNameRange     '0.9.10',
109 silly addNameRange     '0.10.0',
109 silly addNameRange     '0.11.0',
109 silly addNameRange     '0.12.0',
109 silly addNameRange     '0.12.1',
109 silly addNameRange     '0.12.2',
109 silly addNameRange     '0.12.3',
109 silly addNameRange     '0.12.4',
109 silly addNameRange     '0.13.0',
109 silly addNameRange     '0.14.0',
109 silly addNameRange     '0.14.1',
109 silly addNameRange     '0.14.2',
109 silly addNameRange     '0.14.3',
109 silly addNameRange     '0.14.4',
109 silly addNameRange     '0.14.5',
109 silly addNameRange     '0.14.6',
109 silly addNameRange     '0.14.7',
109 silly addNameRange     '0.14.8',
109 silly addNameRange     '0.14.9',
109 silly addNameRange     '0.15.0',
109 silly addNameRange     '0.15.1',
109 silly addNameRange     '0.15.2',
109 silly addNameRange     '0.15.3',
109 silly addNameRange     '0.15.4',
109 silly addNameRange     '0.15.5',
109 silly addNameRange     '0.15.6',
109 silly addNameRange     '0.15.7',
109 silly addNameRange     '0.16.0',
109 silly addNameRange     '0.17.0',
109 silly addNameRange     '0.18.0',
109 silly addNameRange     '0.18.1',
109 silly addNameRange     '0.18.2',
109 silly addNameRange     '0.19.0',
109 silly addNameRange     '0.19.1',
109 silly addNameRange     '0.20.0',
109 silly addNameRange     '0.21.0',
109 silly addNameRange     '1.0.0',
109 silly addNameRange     '1.1.0',
109 silly addNameRange     '1.2.0',
109 silly addNameRange     '1.3.0',
109 silly addNameRange     '1.4.0',
109 silly addNameRange     '1.5.0',
109 silly addNameRange     '1.6.0',
109 silly addNameRange     '1.6.1',
109 silly addNameRange     '1.7.0',
109 silly addNameRange     '1.7.1',
109 silly addNameRange     '1.7.2',
109 silly addNameRange     '1.8.0-beta.1',
109 silly addNameRange     '1.8.0-beta.2',
109 silly addNameRange     '1.8.0',
109 silly addNameRange     '1.8.1',
109 silly addNameRange     '1.8.2',
109 silly addNameRange     '1.8.3',
109 silly addNameRange     '2.0.0-alpha.1',
109 silly addNameRange     '2.0.0-alpha.2',
109 silly addNameRange     '2.0.0-alpha.3',
109 silly addNameRange     '2.0.0',
109 silly addNameRange     '2.1.0-beta.1',
109 silly addNameRange     '2.1.0',
109 silly addNameRange     '1.8.4',
109 silly addNameRange     '2.2.0',
109 silly addNameRange     '2.3.0',
109 silly addNameRange     '3.0.0-alpha.1',
109 silly addNameRange     '3.0.0-alpha.2',
109 silly addNameRange     '3.0.0-alpha.3',
109 silly addNameRange     '3.0.0',
109 silly addNameRange     '3.1.0',
109 silly addNameRange     '1.8.5',
109 silly addNameRange     '3.2.0',
109 silly addNameRange     '3.2.1',
109 silly addNameRange     '3.3.0',
109 silly addNameRange     '3.3.1',
109 silly addNameRange     '3.3.2',
109 silly addNameRange     '3.4.0',
109 silly addNameRange     ... 10 more items ] ]
110 silly addNamed superagent@3.6.0
111 verbose addNamed "3.6.0" is a plain semver version for superagent
112 silly mapToRegistry name superagent
113 silly mapToRegistry using default registry
114 silly mapToRegistry registry https://registry.npmjs.org/
115 silly mapToRegistry data Result {
115 silly mapToRegistry   raw: 'superagent',
115 silly mapToRegistry   scope: null,
115 silly mapToRegistry   escapedName: 'superagent',
115 silly mapToRegistry   name: 'superagent',
115 silly mapToRegistry   rawSpec: '',
115 silly mapToRegistry   spec: 'latest',
115 silly mapToRegistry   type: 'tag' }
116 silly mapToRegistry uri https://registry.npmjs.org/superagent
117 verbose addRemoteTarball https://registry.npmjs.org/superagent/-/superagent-3.6.0.tgz not in flight; adding
118 verbose addRemoteTarball [ 'https://registry.npmjs.org/superagent/-/superagent-3.6.0.tgz',
118 verbose addRemoteTarball   'eb679651057c3462199c7b902b696c25350e1b87' ]
119 info retry fetch attempt 1 at 15:45:40
120 info attempt registry request try #1 at 15:45:40
121 http fetch GET https://registry.npmjs.org/superagent/-/superagent-3.6.0.tgz
122 info retry will retry, error on last attempt: Error: connect ECONNREFUSED 151.101.72.162:443
123 info attempt registry request try #2 at 15:45:51
124 http fetch GET https://registry.npmjs.org/superagent/-/superagent-3.6.0.tgz
125 info retry will retry, error on last attempt: Error: connect ECONNREFUSED 151.101.72.162:443
126 info attempt registry request try #3 at 15:46:52
127 http fetch GET https://registry.npmjs.org/superagent/-/superagent-3.6.0.tgz
128 error fetch failed https://registry.npmjs.org/superagent/-/superagent-3.6.0.tgz
129 warn retry will retry, error on last attempt: Error: connect ECONNREFUSED 151.101.72.162:443
130 info retry fetch attempt 2 at 15:47:03
131 info attempt registry request try #1 at 15:47:03
132 http fetch GET https://registry.npmjs.org/superagent/-/superagent-3.6.0.tgz
133 info retry will retry, error on last attempt: Error: connect ECONNREFUSED 151.101.72.162:443
134 info attempt registry request try #2 at 15:47:14
135 http fetch GET https://registry.npmjs.org/superagent/-/superagent-3.6.0.tgz
136 info retry will retry, error on last attempt: Error: connect ECONNREFUSED 151.101.72.162:443
137 info attempt registry request try #3 at 15:48:15
138 http fetch GET https://registry.npmjs.org/superagent/-/superagent-3.6.0.tgz
139 error fetch failed https://registry.npmjs.org/superagent/-/superagent-3.6.0.tgz
140 warn retry will retry, error on last attempt: Error: connect ECONNREFUSED 151.101.72.162:443
141 info retry fetch attempt 3 at 15:49:16
142 info attempt registry request try #1 at 15:49:16
143 http fetch GET https://registry.npmjs.org/superagent/-/superagent-3.6.0.tgz
144 info retry will retry, error on last attempt: Error: connect ECONNREFUSED 151.101.72.162:443
145 info attempt registry request try #2 at 15:49:27
146 http fetch GET https://registry.npmjs.org/superagent/-/superagent-3.6.0.tgz
147 info retry will retry, error on last attempt: Error: connect ECONNREFUSED 151.101.72.162:443
148 info attempt registry request try #3 at 15:50:28
149 http fetch GET https://registry.npmjs.org/superagent/-/superagent-3.6.0.tgz
150 error fetch failed https://registry.npmjs.org/superagent/-/superagent-3.6.0.tgz
151 silly rollbackFailedOptional Starting
152 silly rollbackFailedOptional Finishing
153 silly runTopLevelLifecycles Finishing
154 silly install printInstalled
155 verbose stack Error: connect ECONNREFUSED 151.101.72.162:443
155 verbose stack     at Object.exports._errnoException (util.js:1018:11)
155 verbose stack     at exports._exceptionWithHostPort (util.js:1041:20)
155 verbose stack     at TCPConnectWrap.afterConnect [as oncomplete] (net.js:1086:14)
156 verbose cwd e:\Progaram File\Microsoft VS Code\test\Project\kintone API\record
157 error Windows_NT 10.0.16299
158 error argv "E:\\Progaram File\\Node.js\\node.exe" "E:\\Progaram File\\Node.js\\node_modules\\npm\\bin\\npm-cli.js" "install" "supertest"
159 error node v6.11.1
160 error npm  v3.10.10
161 error code ECONNREFUSED
162 error errno ECONNREFUSED
163 error syscall connect
164 error Error: connect ECONNREFUSED 151.101.72.162:443
164 error     at Object.exports._errnoException (util.js:1018:11)
164 error     at exports._exceptionWithHostPort (util.js:1041:20)
164 error     at TCPConnectWrap.afterConnect [as oncomplete] (net.js:1086:14)
164 error  { Error: connect ECONNREFUSED 151.101.72.162:443
164 error     at Object.exports._errnoException (util.js:1018:11)
164 error     at exports._exceptionWithHostPort (util.js:1041:20)
164 error     at TCPConnectWrap.afterConnect [as oncomplete] (net.js:1086:14)
164 error   code: 'ECONNREFUSED',
164 error   errno: 'ECONNREFUSED',
164 error   syscall: 'connect',
164 error   address: '151.101.72.162',
164 error   port: 443,
164 error   parent: 'supertest' }
165 error If you are behind a proxy, please make sure that the
165 error 'proxy' config is set properly.  See: 'npm help config'
166 verbose exit [ 1, true ]
